#
# There is insufficient memory for the Java Runtime Environment to continue.
# Native memory allocation (mmap) failed to map 3579314176 bytes for committing reserved memory.
# Possible reasons:
#   The system is out of physical RAM or swap space
#   In 32 bit mode, the process size limit was hit
# Possible solutions:
#   Reduce memory load on the system
#   Increase physical memory or swap space
#   Check if swap backing store is full
#   Use 64 bit Java on a 64 bit OS
#   Decrease Java heap size (-Xmx/-Xms)
#   Decrease number of Java threads
#   Decrease Java thread stack sizes (-Xss)
#   Set larger code cache with -XX:ReservedCodeCacheSize=
# This output file may be truncated or incomplete.
#
#  Out of Memory Error (os_linux.cpp:2671), pid=9275, tid=140032417130240
#
# JRE version:  (8.0_25-b17) (build )
# Java VM: Java HotSpot(TM) 64-Bit Server VM (25.25-b02 mixed mode linux-amd64 compressed oops)
# Failed to write core dump. Core dumps have been disabled. To enable core dumping, try "ulimit -c unlimited" before starting Java again
#

---------------  T H R E A D  ---------------

Current thread (0x00007f5bd000a800):  JavaThread "Unknown thread" [_thread_in_vm, id=9332, stack(0x00007f5bd66ae000,0x00007f5bd67af000)]

Stack: [0x00007f5bd66ae000,0x00007f5bd67af000],  sp=0x00007f5bd67ad3f0,  free space=1020k
Native frames: (J=compiled Java code, j=interpreted, Vv=VM code, C=native code)
V  [libjvm.so+0xa7923a]  VMError::report_and_die()+0x2ca
V  [libjvm.so+0x4e552b]  report_vm_out_of_memory(char const*, int, unsigned long, VMErrorType, char const*)+0x8b
V  [libjvm.so+0x8e5613]  os::Linux::commit_memory_impl(char*, unsigned long, bool)+0x103
V  [libjvm.so+0x8e5b69]  os::pd_commit_memory(char*, unsigned long, unsigned long, bool)+0x29
V  [libjvm.so+0x8df83a]  os::commit_memory(char*, unsigned long, unsigned long, bool)+0x2a
V  [libjvm.so+0x94f923]  PSVirtualSpace::expand_by(unsigned long)+0x53
V  [libjvm.so+0x93fe99]  PSOldGen::initialize(ReservedSpace, unsigned long, char const*, int)+0xb9
V  [libjvm.so+0x2d2856]  AdjoiningGenerations::AdjoiningGenerations(ReservedSpace, GenerationSizer*, unsigned long)+0x3a6
V  [libjvm.so+0x906f2e]  ParallelScavengeHeap::initialize()+0x1ae
V  [libjvm.so+0xa4528d]  Universe::initialize_heap()+0xfd
V  [libjvm.so+0xa456af]  universe_init()+0x3f
V  [libjvm.so+0x612435]  init_globals()+0x65
V  [libjvm.so+0xa2b25d]  Threads::create_vm(JavaVMInitArgs*, bool*)+0x24d
V  [libjvm.so+0x6a9704]  JNI_CreateJavaVM+0x74
C  [libjli.so+0x736e]  JavaMain+0x9e
C  [libpthread.so.0+0x8182]  start_thread+0xc2


---------------  P R O C E S S  ---------------

Java Threads: ( => current thread )

Other Threads:

=>0x00007f5bd000a800 (exited) JavaThread "Unknown thread" [_thread_in_vm, id=9332, stack(0x00007f5bd66ae000,0x00007f5bd67af000)]

VM state:not at safepoint (not fully initialized)

VM Mutex/Monitor currently owned by a thread: None

GC Heap History (0 events):
No events

Deoptimization events (0 events):
No events

Internal exceptions (0 events):
No events

Events (0 events):
No events


Dynamic libraries:
00400000-00401000 r-xp 00000000 08:01 298802                             /usr/lib/jvm/java-8-oracle/bin/java
00600000-00601000 rw-p 00000000 08:01 298802                             /usr/lib/jvm/java-8-oracle/bin/java
01ca8000-01cc9000 rw-p 00000000 00:00 0                                  [heap]
755580000-7c0000000 rw-p 00000000 00:00 0 
7f5bbf77d000-7f5bbf9f2000 rw-p 00000000 00:00 0 
7f5bbf9f2000-7f5bc009c000 ---p 00000000 00:00 0 
7f5bc009c000-7f5bc03fd000 rw-p 00000000 00:00 0 
7f5bc03fd000-7f5bc07b3000 ---p 00000000 00:00 0 
7f5bc07b3000-7f5bc0a23000 rwxp 00000000 00:00 0 
7f5bc0a23000-7f5bcf7b3000 ---p 00000000 00:00 0 
7f5bcf7b3000-7f5bcf7cd000 r-xp 00000000 08:01 298902                     /usr/lib/jvm/java-8-oracle/jre/lib/amd64/libzip.so
7f5bcf7cd000-7f5bcf9cd000 ---p 0001a000 08:01 298902                     /usr/lib/jvm/java-8-oracle/jre/lib/amd64/libzip.so
7f5bcf9cd000-7f5bcf9ce000 rw-p 0001a000 08:01 298902                     /usr/lib/jvm/java-8-oracle/jre/lib/amd64/libzip.so
7f5bcf9ce000-7f5bcf9d9000 r-xp 00000000 08:01 546274                     /lib/x86_64-linux-gnu/libnss_files-2.19.so
7f5bcf9d9000-7f5bcfbd8000 ---p 0000b000 08:01 546274                     /lib/x86_64-linux-gnu/libnss_files-2.19.so
7f5bcfbd8000-7f5bcfbd9000 r--p 0000a000 08:01 546274                     /lib/x86_64-linux-gnu/libnss_files-2.19.so
7f5bcfbd9000-7f5bcfbda000 rw-p 0000b000 08:01 546274                     /lib/x86_64-linux-gnu/libnss_files-2.19.so
7f5bcfbda000-7f5bcfbe5000 r-xp 00000000 08:01 546275                     /lib/x86_64-linux-gnu/libnss_nis-2.19.so
7f5bcfbe5000-7f5bcfde4000 ---p 0000b000 08:01 546275                     /lib/x86_64-linux-gnu/libnss_nis-2.19.so
7f5bcfde4000-7f5bcfde5000 r--p 0000a000 08:01 546275                     /lib/x86_64-linux-gnu/libnss_nis-2.19.so
7f5bcfde5000-7f5bcfde6000 rw-p 0000b000 08:01 546275                     /lib/x86_64-linux-gnu/libnss_nis-2.19.so
7f5bcfde6000-7f5bcfdfd000 r-xp 00000000 08:01 535742                     /lib/x86_64-linux-gnu/libnsl-2.19.so
7f5bcfdfd000-7f5bcfffc000 ---p 00017000 08:01 535742                     /lib/x86_64-linux-gnu/libnsl-2.19.so
7f5bcfffc000-7f5bcfffd000 r--p 00016000 08:01 535742                     /lib/x86_64-linux-gnu/libnsl-2.19.so
7f5bcfffd000-7f5bcfffe000 rw-p 00017000 08:01 535742                     /lib/x86_64-linux-gnu/libnsl-2.19.so
7f5bcfffe000-7f5bd0000000 rw-p 00000000 00:00 0 
7f5bd0000000-7f5bd0032000 rw-p 00000000 00:00 0 
7f5bd0032000-7f5bd4000000 ---p 00000000 00:00 0 
7f5bd40db000-7f5bd40e4000 r-xp 00000000 08:01 535007                     /lib/x86_64-linux-gnu/libnss_compat-2.19.so
7f5bd40e4000-7f5bd42e3000 ---p 00009000 08:01 535007                     /lib/x86_64-linux-gnu/libnss_compat-2.19.so
7f5bd42e3000-7f5bd42e4000 r--p 00008000 08:01 535007                     /lib/x86_64-linux-gnu/libnss_compat-2.19.so
7f5bd42e4000-7f5bd42e5000 rw-p 00009000 08:01 535007                     /lib/x86_64-linux-gnu/libnss_compat-2.19.so
7f5bd42e5000-7f5bd430f000 r-xp 00000000 08:01 298906                     /usr/lib/jvm/java-8-oracle/jre/lib/amd64/libjava.so
7f5bd430f000-7f5bd450f000 ---p 0002a000 08:01 298906                     /usr/lib/jvm/java-8-oracle/jre/lib/amd64/libjava.so
7f5bd450f000-7f5bd4511000 rw-p 0002a000 08:01 298906                     /usr/lib/jvm/java-8-oracle/jre/lib/amd64/libjava.so
7f5bd4511000-7f5bd451e000 r-xp 00000000 08:01 301027                     /usr/lib/jvm/java-8-oracle/jre/lib/amd64/libverify.so
7f5bd451e000-7f5bd471e000 ---p 0000d000 08:01 301027                     /usr/lib/jvm/java-8-oracle/jre/lib/amd64/libverify.so
7f5bd471e000-7f5bd4720000 rw-p 0000d000 08:01 301027                     /usr/lib/jvm/java-8-oracle/jre/lib/amd64/libverify.so
7f5bd4720000-7f5bd4727000 r-xp 00000000 08:01 546263                     /lib/x86_64-linux-gnu/librt-2.19.so
7f5bd4727000-7f5bd4926000 ---p 00007000 08:01 546263                     /lib/x86_64-linux-gnu/librt-2.19.so
7f5bd4926000-7f5bd4927000 r--p 00006000 08:01 546263                     /lib/x86_64-linux-gnu/librt-2.19.so
7f5bd4927000-7f5bd4928000 rw-p 00007000 08:01 546263                     /lib/x86_64-linux-gnu/librt-2.19.so
7f5bd4928000-7f5bd4a2d000 r-xp 00000000 08:01 546270                     /lib/x86_64-linux-gnu/libm-2.19.so
7f5bd4a2d000-7f5bd4c2c000 ---p 00105000 08:01 546270                     /lib/x86_64-linux-gnu/libm-2.19.so
7f5bd4c2c000-7f5bd4c2d000 r--p 00104000 08:01 546270                     /lib/x86_64-linux-gnu/libm-2.19.so
7f5bd4c2d000-7f5bd4c2e000 rw-p 00105000 08:01 546270                     /lib/x86_64-linux-gnu/libm-2.19.so
7f5bd4c2e000-7f5bd589b000 r-xp 00000000 08:01 298914                     /usr/lib/jvm/java-8-oracle/jre/lib/amd64/server/libjvm.so
7f5bd589b000-7f5bd5a9a000 ---p 00c6d000 08:01 298914                     /usr/lib/jvm/java-8-oracle/jre/lib/amd64/server/libjvm.so
7f5bd5a9a000-7f5bd5b70000 rw-p 00c6c000 08:01 298914                     /usr/lib/jvm/java-8-oracle/jre/lib/amd64/server/libjvm.so
7f5bd5b70000-7f5bd5bb3000 rw-p 00000000 00:00 0 
7f5bd5bb3000-7f5bd5d6e000 r-xp 00000000 08:01 546267                     /lib/x86_64-linux-gnu/libc-2.19.so
7f5bd5d6e000-7f5bd5f6e000 ---p 001bb000 08:01 546267                     /lib/x86_64-linux-gnu/libc-2.19.so
7f5bd5f6e000-7f5bd5f72000 r--p 001bb000 08:01 546267                     /lib/x86_64-linux-gnu/libc-2.19.so
7f5bd5f72000-7f5bd5f74000 rw-p 001bf000 08:01 546267                     /lib/x86_64-linux-gnu/libc-2.19.so
7f5bd5f74000-7f5bd5f79000 rw-p 00000000 00:00 0 
7f5bd5f79000-7f5bd5f7c000 r-xp 00000000 08:01 546279                     /lib/x86_64-linux-gnu/libdl-2.19.so
7f5bd5f7c000-7f5bd617b000 ---p 00003000 08:01 546279                     /lib/x86_64-linux-gnu/libdl-2.19.so
7f5bd617b000-7f5bd617c000 r--p 00002000 08:01 546279                     /lib/x86_64-linux-gnu/libdl-2.19.so
7f5bd617c000-7f5bd617d000 rw-p 00003000 08:01 546279                     /lib/x86_64-linux-gnu/libdl-2.19.so
7f5bd617d000-7f5bd6192000 r-xp 00000000 08:01 421213                     /usr/lib/jvm/java-8-oracle/lib/amd64/jli/libjli.so
7f5bd6192000-7f5bd6391000 ---p 00015000 08:01 421213                     /usr/lib/jvm/java-8-oracle/lib/amd64/jli/libjli.so
7f5bd6391000-7f5bd6392000 rw-p 00014000 08:01 421213                     /usr/lib/jvm/java-8-oracle/lib/amd64/jli/libjli.so
7f5bd6392000-7f5bd63ab000 r-xp 00000000 08:01 546280                     /lib/x86_64-linux-gnu/libpthread-2.19.so
7f5bd63ab000-7f5bd65aa000 ---p 00019000 08:01 546280                     /lib/x86_64-linux-gnu/libpthread-2.19.so
7f5bd65aa000-7f5bd65ab000 r--p 00018000 08:01 546280                     /lib/x86_64-linux-gnu/libpthread-2.19.so
7f5bd65ab000-7f5bd65ac000 rw-p 00019000 08:01 546280                     /lib/x86_64-linux-gnu/libpthread-2.19.so
7f5bd65ac000-7f5bd65b0000 rw-p 00000000 00:00 0 
7f5bd65b0000-7f5bd65d3000 r-xp 00000000 08:01 546268                     /lib/x86_64-linux-gnu/ld-2.19.so
7f5bd66ae000-7f5bd66b1000 ---p 00000000 00:00 0 
7f5bd66b1000-7f5bd67b3000 rw-p 00000000 00:00 0                          [stack:9332]
7f5bd67c3000-7f5bd67c6000 rw-p 00000000 00:00 0 
7f5bd67c6000-7f5bd67ce000 rw-s 00000000 08:01 137665                     /tmp/hsperfdata_elblonko/9275
7f5bd67ce000-7f5bd67cf000 rw-p 00000000 00:00 0 
7f5bd67cf000-7f5bd67d0000 r--p 00000000 00:00 0 
7f5bd67d0000-7f5bd67d2000 rw-p 00000000 00:00 0 
7f5bd67d2000-7f5bd67d3000 r--p 00022000 08:01 546268                     /lib/x86_64-linux-gnu/ld-2.19.so
7f5bd67d3000-7f5bd67d4000 rw-p 00023000 08:01 546268                     /lib/x86_64-linux-gnu/ld-2.19.so
7f5bd67d4000-7f5bd67d5000 rw-p 00000000 00:00 0 
7fff2e11a000-7fff2e13c000 rw-p 00000000 00:00 0                          [stack]
7fff2e187000-7fff2e189000 r-xp 00000000 00:00 0                          [vdso]
ffffffffff600000-ffffffffff601000 r-xp 00000000 00:00 0                  [vsyscall]

VM Arguments:
jvm_args: -XX:MaxPermSize=128m -Xms5G -Xmx5G 
java_command: org.apache.spark.deploy.SparkSubmit --jars /home/elblonko/Desktop/PredictionIO/PredictionIO/examples/scala-stock/target/scala-2.10/example-scala-stock-assembly-0.1-SNAPSHOT-deps.jar,/home/elblonko/Desktop/PredictionIO/PredictionIO/examples/scala-stock/target/scala-2.10/example-scala-stock_2.10-0.1-SNAPSHOT.jar,/home/elblonko/Desktop/PredictionIO/PredictionIO/engines/target/scala-2.10/engines_2.10-0.8.1-SNAPSHOT.jar,/home/elblonko/Desktop/PredictionIO/PredictionIO/engines/target/scala-2.10/engines-assembly-0.8.1-SNAPSHOT-deps.jar --class io.prediction.examples.stock.YahooDataSourceRun --master spark://ubuntu:7077 --driver-memory 5G /home/elblonko/Desktop/PredictionIO/PredictionIO/assembly/pio-assembly-0.8.1-SNAPSHOT.jar
java_class_path (initial): ::/home/elblonko/Desktop/PredictionIO/spark-1.1.0-bin-hadoop2.4/conf:/home/elblonko/Desktop/PredictionIO/spark-1.1.0-bin-hadoop2.4/lib/spark-assembly-1.1.0-hadoop2.4.0.jar:/home/elblonko/Desktop/PredictionIO/spark-1.1.0-bin-hadoop2.4/lib/datanucleus-rdbms-3.2.1.jar:/home/elblonko/Desktop/PredictionIO/spark-1.1.0-bin-hadoop2.4/lib/datanucleus-core-3.2.2.jar:/home/elblonko/Desktop/PredictionIO/spark-1.1.0-bin-hadoop2.4/lib/datanucleus-api-jdo-3.2.1.jar
Launcher Type: SUN_STANDARD

Environment Variables:
JAVA_HOME=/usr/lib/jvm/java-8-oracle/
CLASSPATH=::/home/elblonko/Desktop/PredictionIO/spark-1.1.0-bin-hadoop2.4/conf:/home/elblonko/Desktop/PredictionIO/spark-1.1.0-bin-hadoop2.4/lib/spark-assembly-1.1.0-hadoop2.4.0.jar:/home/elblonko/Desktop/PredictionIO/spark-1.1.0-bin-hadoop2.4/lib/datanucleus-rdbms-3.2.1.jar:/home/elblonko/Desktop/PredictionIO/spark-1.1.0-bin-hadoop2.4/lib/datanucleus-core-3.2.2.jar:/home/elblonko/Desktop/PredictionIO/spark-1.1.0-bin-hadoop2.4/lib/datanucleus-api-jdo-3.2.1.jar
PATH=/usr/local/sbin:/usr/local/bin:/usr/sbin:/usr/bin:/sbin:/bin:/usr/games:/usr/local/games:/home/elblonko/Programs/IDEA/idea-IU-135.1230/bin:/home/elblonko/Programs/genymotion:$PIO_HOME/bin:$ELASTIC_HOME/bin:$SPARK_HOME/sbin:$HBASE_HOME/bin
SHELL=/bin/bash
DISPLAY=:0

Signal Handlers:
SIGSEGV: [libjvm.so+0xa79a80], sa_mask[0]=11111111011111111101111111111110, sa_flags=SA_RESTART|SA_SIGINFO
SIGBUS: [libjvm.so+0xa79a80], sa_mask[0]=11111111011111111101111111111110, sa_flags=SA_RESTART|SA_SIGINFO
SIGFPE: [libjvm.so+0x8e24e0], sa_mask[0]=11111111011111111101111111111110, sa_flags=SA_RESTART|SA_SIGINFO
SIGPIPE: [libjvm.so+0x8e24e0], sa_mask[0]=11111111011111111101111111111110, sa_flags=SA_RESTART|SA_SIGINFO
SIGXFSZ: [libjvm.so+0x8e24e0], sa_mask[0]=11111111011111111101111111111110, sa_flags=SA_RESTART|SA_SIGINFO
SIGILL: [libjvm.so+0x8e24e0], sa_mask[0]=11111111011111111101111111111110, sa_flags=SA_RESTART|SA_SIGINFO
SIGUSR1: SIG_DFL, sa_mask[0]=00000000000000000000000000000000, sa_flags=none
SIGUSR2: [libjvm.so+0x8e3d10], sa_mask[0]=00100000000000000000000000000000, sa_flags=SA_RESTART|SA_SIGINFO
SIGHUP: SIG_DFL, sa_mask[0]=00000000000000000000000000000000, sa_flags=none
SIGINT: SIG_DFL, sa_mask[0]=00000000000000000000000000000000, sa_flags=none
SIGTERM: SIG_DFL, sa_mask[0]=00000000000000000000000000000000, sa_flags=none
SIGQUIT: SIG_DFL, sa_mask[0]=00000000000000000000000000000000, sa_flags=none


---------------  S Y S T E M  ---------------

OS:DISTRIB_ID=Ubuntu
DISTRIB_RELEASE=14.04
DISTRIB_CODENAME=trusty
DISTRIB_DESCRIPTION="Ubuntu 14.04.1 LTS"

uname:Linux 3.13.0-37-generic #64-Ubuntu SMP Mon Sep 22 21:28:38 UTC 2014 x86_64
libc:glibc 2.19 NPTL 2.19 
rlimit: STACK 8192k, CORE 0k, NPROC 46201, NOFILE 4096, AS infinity
load average:1.90 0.65 0.37

/proc/meminfo:
MemTotal:        5935380 kB
MemFree:         2579952 kB
Buffers:           95852 kB
Cached:           549876 kB
SwapCached:            0 kB
Active:          2640052 kB
Inactive:         327940 kB
Active(anon):    2323424 kB
Inactive(anon):    65144 kB
Active(file):     316628 kB
Inactive(file):   262796 kB
Unevictable:         480 kB
Mlocked:             480 kB
SwapTotal:             0 kB
SwapFree:              0 kB
Dirty:               996 kB
Writeback:             0 kB
AnonPages:       2322844 kB
Mapped:           162376 kB
Shmem:             66304 kB
Slab:             235792 kB
SReclaimable:     190916 kB
SUnreclaim:        44876 kB
KernelStack:        6768 kB
PageTables:        42656 kB
NFS_Unstable:          0 kB
Bounce:                0 kB
WritebackTmp:          0 kB
CommitLimit:     2967688 kB
Committed_AS:    8776104 kB
VmallocTotal:   34359738367 kB
VmallocUsed:      174840 kB
VmallocChunk:   34359504484 kB
HardwareCorrupted:     0 kB
AnonHugePages:   1116160 kB
HugePages_Total:       0
HugePages_Free:        0
HugePages_Rsvd:        0
HugePages_Surp:        0
Hugepagesize:       2048 kB
DirectMap4k:       65408 kB
DirectMap2M:     6053888 kB


CPU:total 2 (1 cores per cpu, 1 threads per core) family 6 model 30 stepping 5, cmov, cx8, fxsr, mmx, sse, sse2, sse3, ssse3, sse4.1, sse4.2, popcnt, tsc, tscinvbit

/proc/cpuinfo:
processor	: 0
vendor_id	: GenuineIntel
cpu family	: 6
model		: 30
model name	: Intel(R) Core(TM) i5 CPU         750  @ 2.67GHz
stepping	: 5
microcode	: 0x5
cpu MHz		: 3611.316
cache size	: 8192 KB
physical id	: 0
siblings	: 1
core id		: 0
cpu cores	: 1
apicid		: 0
initial apicid	: 0
fpu		: yes
fpu_exception	: yes
cpuid level	: 11
wp		: yes
flags		: fpu vme de pse tsc msr pae mce cx8 apic sep mtrr pge mca cmov pat pse36 clflush dts mmx fxsr sse sse2 ss syscall nx rdtscp lm constant_tsc arch_perfmon pebs bts nopl xtopology tsc_reliable nonstop_tsc aperfmperf pni ssse3 cx16 sse4_1 sse4_2 x2apic popcnt hypervisor lahf_lm dtherm
bogomips	: 7222.63
clflush size	: 64
cache_alignment	: 64
address sizes	: 40 bits physical, 48 bits virtual
power management:

processor	: 1
vendor_id	: GenuineIntel
cpu family	: 6
model		: 30
model name	: Intel(R) Core(TM) i5 CPU         750  @ 2.67GHz
stepping	: 5
microcode	: 0x5
cpu MHz		: 3611.316
cache size	: 8192 KB
physical id	: 2
siblings	: 1
core id		: 0
cpu cores	: 1
apicid		: 2
initial apicid	: 2
fpu		: yes
fpu_exception	: yes
cpuid level	: 11
wp		: yes
flags		: fpu vme de pse tsc msr pae mce cx8 apic sep mtrr pge mca cmov pat pse36 clflush dts mmx fxsr sse sse2 ss syscall nx rdtscp lm constant_tsc arch_perfmon pebs bts nopl xtopology tsc_reliable nonstop_tsc aperfmperf pni ssse3 cx16 sse4_1 sse4_2 x2apic popcnt hypervisor lahf_lm dtherm
bogomips	: 7222.63
clflush size	: 64
cache_alignment	: 64
address sizes	: 40 bits physical, 48 bits virtual
power management:



Memory: 4k page, physical 5935380k(2579952k free), swap 0k(0k free)

vm_info: Java HotSpot(TM) 64-Bit Server VM (25.25-b02) for linux-amd64 JRE (1.8.0_25-b17), built on Sep 17 2014 17:32:11 by "java_re" with gcc 4.3.0 20080428 (Red Hat 4.3.0-8)

time: Mon Oct 27 13:00:12 2014
elapsed time: 0 seconds (0d 0h 0m 0s)

