#
# There is insufficient memory for the Java Runtime Environment to continue.
# Native memory allocation (mmap) failed to map 3579314176 bytes for committing reserved memory.
# Possible reasons:
#   The system is out of physical RAM or swap space
#   In 32 bit mode, the process size limit was hit
# Possible solutions:
#   Reduce memory load on the system
#   Increase physical memory or swap space
#   Check if swap backing store is full
#   Use 64 bit Java on a 64 bit OS
#   Decrease Java heap size (-Xmx/-Xms)
#   Decrease number of Java threads
#   Decrease Java thread stack sizes (-Xss)
#   Set larger code cache with -XX:ReservedCodeCacheSize=
# This output file may be truncated or incomplete.
#
#  Out of Memory Error (os_linux.cpp:2671), pid=13340, tid=139776534390528
#
# JRE version:  (8.0_20-b26) (build )
# Java VM: Java HotSpot(TM) 64-Bit Server VM (25.20-b23 mixed mode linux-amd64 compressed oops)
# Failed to write core dump. Core dumps have been disabled. To enable core dumping, try "ulimit -c unlimited" before starting Java again
#

---------------  T H R E A D  ---------------

Current thread (0x00007f203c00a800):  JavaThread "Unknown thread" [_thread_in_vm, id=13397, stack(0x00007f20429e2000,0x00007f2042ae3000)]

Stack: [0x00007f20429e2000,0x00007f2042ae3000],  sp=0x00007f2042ae13f0,  free space=1020k
Native frames: (J=compiled Java code, j=interpreted, Vv=VM code, C=native code)
V  [libjvm.so+0xa76cea]  VMError::report_and_die()+0x2ca
V  [libjvm.so+0x4e52fb]  report_vm_out_of_memory(char const*, int, unsigned long, VMErrorType, char const*)+0x8b
V  [libjvm.so+0x8e4ec3]  os::Linux::commit_memory_impl(char*, unsigned long, bool)+0x103
V  [libjvm.so+0x8e5419]  os::pd_commit_memory(char*, unsigned long, unsigned long, bool)+0x29
V  [libjvm.so+0x8df0ea]  os::commit_memory(char*, unsigned long, unsigned long, bool)+0x2a
V  [libjvm.so+0x94f1f3]  PSVirtualSpace::expand_by(unsigned long)+0x53
V  [libjvm.so+0x93f769]  PSOldGen::initialize(ReservedSpace, unsigned long, char const*, int)+0xb9
V  [libjvm.so+0x2d26f6]  AdjoiningGenerations::AdjoiningGenerations(ReservedSpace, GenerationSizer*, unsigned long)+0x3a6
V  [libjvm.so+0x9067fe]  ParallelScavengeHeap::initialize()+0x1ae
V  [libjvm.so+0xa44d0d]  Universe::initialize_heap()+0xfd
V  [libjvm.so+0xa4512f]  universe_init()+0x3f
V  [libjvm.so+0x612055]  init_globals()+0x65
V  [libjvm.so+0xa2acdd]  Threads::create_vm(JavaVMInitArgs*, bool*)+0x24d
V  [libjvm.so+0x6a9414]  JNI_CreateJavaVM+0x74
C  [libjli.so+0x736e]  JavaMain+0x9e
C  [libpthread.so.0+0x8182]  start_thread+0xc2


---------------  P R O C E S S  ---------------

Java Threads: ( => current thread )

Other Threads:

=>0x00007f203c00a800 (exited) JavaThread "Unknown thread" [_thread_in_vm, id=13397, stack(0x00007f20429e2000,0x00007f2042ae3000)]

VM state:not at safepoint (not fully initialized)

VM Mutex/Monitor currently owned by a thread: None

GC Heap History (0 events):
No events

Deoptimization events (0 events):
No events

Internal exceptions (0 events):
No events

Events (0 events):
No events


Dynamic libraries:
00400000-00401000 r-xp 00000000 08:01 298799                             /usr/lib/jvm/java-8-oracle/bin/java
00600000-00601000 rw-p 00000000 08:01 298799                             /usr/lib/jvm/java-8-oracle/bin/java
0105e000-0107f000 rw-p 00000000 00:00 0                                  [heap]
755580000-7c0000000 rw-p 00000000 00:00 0 
7f202ba82000-7f202bc0c000 rw-p 00000000 00:00 0 
7f202bc0c000-7f202c2b6000 ---p 00000000 00:00 0 
7f202c2b6000-7f202c617000 rw-p 00000000 00:00 0 
7f202c617000-7f202c9cd000 ---p 00000000 00:00 0 
7f202c9cd000-7f202cc3d000 rwxp 00000000 00:00 0 
7f202cc3d000-7f203b9cd000 ---p 00000000 00:00 0 
7f203b9cd000-7f203b9e7000 r-xp 00000000 08:01 298870                     /usr/lib/jvm/java-8-oracle/jre/lib/amd64/libzip.so
7f203b9e7000-7f203bbe7000 ---p 0001a000 08:01 298870                     /usr/lib/jvm/java-8-oracle/jre/lib/amd64/libzip.so
7f203bbe7000-7f203bbe8000 rw-p 0001a000 08:01 298870                     /usr/lib/jvm/java-8-oracle/jre/lib/amd64/libzip.so
7f203bbe8000-7f203bbf3000 r-xp 00000000 08:01 546274                     /lib/x86_64-linux-gnu/libnss_files-2.19.so
7f203bbf3000-7f203bdf2000 ---p 0000b000 08:01 546274                     /lib/x86_64-linux-gnu/libnss_files-2.19.so
7f203bdf2000-7f203bdf3000 r--p 0000a000 08:01 546274                     /lib/x86_64-linux-gnu/libnss_files-2.19.so
7f203bdf3000-7f203bdf4000 rw-p 0000b000 08:01 546274                     /lib/x86_64-linux-gnu/libnss_files-2.19.so
7f203bdf4000-7f203bdff000 r-xp 00000000 08:01 546275                     /lib/x86_64-linux-gnu/libnss_nis-2.19.so
7f203bdff000-7f203bffe000 ---p 0000b000 08:01 546275                     /lib/x86_64-linux-gnu/libnss_nis-2.19.so
7f203bffe000-7f203bfff000 r--p 0000a000 08:01 546275                     /lib/x86_64-linux-gnu/libnss_nis-2.19.so
7f203bfff000-7f203c000000 rw-p 0000b000 08:01 546275                     /lib/x86_64-linux-gnu/libnss_nis-2.19.so
7f203c000000-7f203c032000 rw-p 00000000 00:00 0 
7f203c032000-7f2040000000 ---p 00000000 00:00 0 
7f204010d000-7f20401f8000 rw-p 00000000 00:00 0 
7f20401f8000-7f204020f000 r-xp 00000000 08:01 535742                     /lib/x86_64-linux-gnu/libnsl-2.19.so
7f204020f000-7f204040e000 ---p 00017000 08:01 535742                     /lib/x86_64-linux-gnu/libnsl-2.19.so
7f204040e000-7f204040f000 r--p 00016000 08:01 535742                     /lib/x86_64-linux-gnu/libnsl-2.19.so
7f204040f000-7f2040410000 rw-p 00017000 08:01 535742                     /lib/x86_64-linux-gnu/libnsl-2.19.so
7f2040410000-7f2040412000 rw-p 00000000 00:00 0 
7f2040412000-7f204041b000 r-xp 00000000 08:01 535007                     /lib/x86_64-linux-gnu/libnss_compat-2.19.so
7f204041b000-7f204061a000 ---p 00009000 08:01 535007                     /lib/x86_64-linux-gnu/libnss_compat-2.19.so
7f204061a000-7f204061b000 r--p 00008000 08:01 535007                     /lib/x86_64-linux-gnu/libnss_compat-2.19.so
7f204061b000-7f204061c000 rw-p 00009000 08:01 535007                     /lib/x86_64-linux-gnu/libnss_compat-2.19.so
7f204061c000-7f2040646000 r-xp 00000000 08:01 298874                     /usr/lib/jvm/java-8-oracle/jre/lib/amd64/libjava.so
7f2040646000-7f2040846000 ---p 0002a000 08:01 298874                     /usr/lib/jvm/java-8-oracle/jre/lib/amd64/libjava.so
7f2040846000-7f2040848000 rw-p 0002a000 08:01 298874                     /usr/lib/jvm/java-8-oracle/jre/lib/amd64/libjava.so
7f2040848000-7f2040855000 r-xp 00000000 08:01 298916                     /usr/lib/jvm/java-8-oracle/jre/lib/amd64/libverify.so
7f2040855000-7f2040a55000 ---p 0000d000 08:01 298916                     /usr/lib/jvm/java-8-oracle/jre/lib/amd64/libverify.so
7f2040a55000-7f2040a57000 rw-p 0000d000 08:01 298916                     /usr/lib/jvm/java-8-oracle/jre/lib/amd64/libverify.so
7f2040a57000-7f2040a5e000 r-xp 00000000 08:01 546263                     /lib/x86_64-linux-gnu/librt-2.19.so
7f2040a5e000-7f2040c5d000 ---p 00007000 08:01 546263                     /lib/x86_64-linux-gnu/librt-2.19.so
7f2040c5d000-7f2040c5e000 r--p 00006000 08:01 546263                     /lib/x86_64-linux-gnu/librt-2.19.so
7f2040c5e000-7f2040c5f000 rw-p 00007000 08:01 546263                     /lib/x86_64-linux-gnu/librt-2.19.so
7f2040c5f000-7f2040d64000 r-xp 00000000 08:01 546270                     /lib/x86_64-linux-gnu/libm-2.19.so
7f2040d64000-7f2040f63000 ---p 00105000 08:01 546270                     /lib/x86_64-linux-gnu/libm-2.19.so
7f2040f63000-7f2040f64000 r--p 00104000 08:01 546270                     /lib/x86_64-linux-gnu/libm-2.19.so
7f2040f64000-7f2040f65000 rw-p 00105000 08:01 546270                     /lib/x86_64-linux-gnu/libm-2.19.so
7f2040f65000-7f2041bcf000 r-xp 00000000 08:01 298880                     /usr/lib/jvm/java-8-oracle/jre/lib/amd64/server/libjvm.so
7f2041bcf000-7f2041dce000 ---p 00c6a000 08:01 298880                     /usr/lib/jvm/java-8-oracle/jre/lib/amd64/server/libjvm.so
7f2041dce000-7f2041ea5000 rw-p 00c69000 08:01 298880                     /usr/lib/jvm/java-8-oracle/jre/lib/amd64/server/libjvm.so
7f2041ea5000-7f2041ee7000 rw-p 00000000 00:00 0 
7f2041ee7000-7f20420a2000 r-xp 00000000 08:01 546267                     /lib/x86_64-linux-gnu/libc-2.19.so
7f20420a2000-7f20422a2000 ---p 001bb000 08:01 546267                     /lib/x86_64-linux-gnu/libc-2.19.so
7f20422a2000-7f20422a6000 r--p 001bb000 08:01 546267                     /lib/x86_64-linux-gnu/libc-2.19.so
7f20422a6000-7f20422a8000 rw-p 001bf000 08:01 546267                     /lib/x86_64-linux-gnu/libc-2.19.so
7f20422a8000-7f20422ad000 rw-p 00000000 00:00 0 
7f20422ad000-7f20422b0000 r-xp 00000000 08:01 546279                     /lib/x86_64-linux-gnu/libdl-2.19.so
7f20422b0000-7f20424af000 ---p 00003000 08:01 546279                     /lib/x86_64-linux-gnu/libdl-2.19.so
7f20424af000-7f20424b0000 r--p 00002000 08:01 546279                     /lib/x86_64-linux-gnu/libdl-2.19.so
7f20424b0000-7f20424b1000 rw-p 00003000 08:01 546279                     /lib/x86_64-linux-gnu/libdl-2.19.so
7f20424b1000-7f20424c6000 r-xp 00000000 08:01 552961                     /usr/lib/jvm/java-8-oracle/lib/amd64/jli/libjli.so
7f20424c6000-7f20426c5000 ---p 00015000 08:01 552961                     /usr/lib/jvm/java-8-oracle/lib/amd64/jli/libjli.so
7f20426c5000-7f20426c6000 rw-p 00014000 08:01 552961                     /usr/lib/jvm/java-8-oracle/lib/amd64/jli/libjli.so
7f20426c6000-7f20426df000 r-xp 00000000 08:01 546280                     /lib/x86_64-linux-gnu/libpthread-2.19.so
7f20426df000-7f20428de000 ---p 00019000 08:01 546280                     /lib/x86_64-linux-gnu/libpthread-2.19.so
7f20428de000-7f20428df000 r--p 00018000 08:01 546280                     /lib/x86_64-linux-gnu/libpthread-2.19.so
7f20428df000-7f20428e0000 rw-p 00019000 08:01 546280                     /lib/x86_64-linux-gnu/libpthread-2.19.so
7f20428e0000-7f20428e4000 rw-p 00000000 00:00 0 
7f20428e4000-7f2042907000 r-xp 00000000 08:01 546268                     /lib/x86_64-linux-gnu/ld-2.19.so
7f20429e2000-7f20429e5000 ---p 00000000 00:00 0 
7f20429e5000-7f2042ae7000 rw-p 00000000 00:00 0                          [stack:13397]
7f2042af7000-7f2042afa000 rw-p 00000000 00:00 0 
7f2042afa000-7f2042b02000 rw-s 00000000 08:01 1764465                    /tmp/hsperfdata_elblonko/13340
7f2042b02000-7f2042b03000 rw-p 00000000 00:00 0 
7f2042b03000-7f2042b04000 r--p 00000000 00:00 0 
7f2042b04000-7f2042b06000 rw-p 00000000 00:00 0 
7f2042b06000-7f2042b07000 r--p 00022000 08:01 546268                     /lib/x86_64-linux-gnu/ld-2.19.so
7f2042b07000-7f2042b08000 rw-p 00023000 08:01 546268                     /lib/x86_64-linux-gnu/ld-2.19.so
7f2042b08000-7f2042b09000 rw-p 00000000 00:00 0 
7fff52a6a000-7fff52a8c000 rw-p 00000000 00:00 0                          [stack]
7fff52bb5000-7fff52bb7000 r-xp 00000000 00:00 0                          [vdso]
ffffffffff600000-ffffffffff601000 r-xp 00000000 00:00 0                  [vsyscall]

VM Arguments:
jvm_args: -XX:MaxPermSize=128m -Xms5G -Xmx5G 
java_command: org.apache.spark.deploy.SparkSubmit --jars /home/elblonko/Desktop/PredictionIO/PredictionIO/examples/scala-stock/target/scala-2.10/example-scala-stock-assembly-0.1-SNAPSHOT-deps.jar,/home/elblonko/Desktop/PredictionIO/PredictionIO/examples/scala-stock/target/scala-2.10/example-scala-stock_2.10-0.1-SNAPSHOT.jar,/home/elblonko/Desktop/PredictionIO/PredictionIO/engines/target/scala-2.10/engines_2.10-0.8.1-SNAPSHOT.jar,/home/elblonko/Desktop/PredictionIO/PredictionIO/engines/target/scala-2.10/engines-assembly-0.8.1-SNAPSHOT-deps.jar --class io.prediction.examples.stock.YahooDataSourceRun --master spark://ubuntu:7077 --driver-memory 5G /home/elblonko/Desktop/PredictionIO/PredictionIO/assembly/pio-assembly-0.8.1-SNAPSHOT.jar
java_class_path (initial): ::/home/elblonko/Desktop/PredictionIO/spark-1.1.0-bin-hadoop2.4/conf:/home/elblonko/Desktop/PredictionIO/spark-1.1.0-bin-hadoop2.4/lib/spark-assembly-1.1.0-hadoop2.4.0.jar:/home/elblonko/Desktop/PredictionIO/spark-1.1.0-bin-hadoop2.4/lib/datanucleus-rdbms-3.2.1.jar:/home/elblonko/Desktop/PredictionIO/spark-1.1.0-bin-hadoop2.4/lib/datanucleus-core-3.2.2.jar:/home/elblonko/Desktop/PredictionIO/spark-1.1.0-bin-hadoop2.4/lib/datanucleus-api-jdo-3.2.1.jar
Launcher Type: SUN_STANDARD

Environment Variables:
JAVA_HOME=/usr/lib/jvm/java-8-oracle/
CLASSPATH=::/home/elblonko/Desktop/PredictionIO/spark-1.1.0-bin-hadoop2.4/conf:/home/elblonko/Desktop/PredictionIO/spark-1.1.0-bin-hadoop2.4/lib/spark-assembly-1.1.0-hadoop2.4.0.jar:/home/elblonko/Desktop/PredictionIO/spark-1.1.0-bin-hadoop2.4/lib/datanucleus-rdbms-3.2.1.jar:/home/elblonko/Desktop/PredictionIO/spark-1.1.0-bin-hadoop2.4/lib/datanucleus-core-3.2.2.jar:/home/elblonko/Desktop/PredictionIO/spark-1.1.0-bin-hadoop2.4/lib/datanucleus-api-jdo-3.2.1.jar
PATH=/usr/local/sbin:/usr/local/bin:/usr/sbin:/usr/bin:/sbin:/bin:/usr/games:/usr/local/games:/home/elblonko/Programs/IDEA/idea-IU-135.1230/bin:/home/elblonko/Programs/genymotion:$PIO_HOME/bin:$ELASTIC_HOME/bin:$SPARK_HOME/sbin:$HBASE_HOME/bin
SHELL=/bin/bash
DISPLAY=:0

Signal Handlers:
SIGSEGV: [libjvm.so+0xa77530], sa_mask[0]=11111111011111111101111111111110, sa_flags=SA_RESTART|SA_SIGINFO
SIGBUS: [libjvm.so+0xa77530], sa_mask[0]=11111111011111111101111111111110, sa_flags=SA_RESTART|SA_SIGINFO
SIGFPE: [libjvm.so+0x8e1d90], sa_mask[0]=11111111011111111101111111111110, sa_flags=SA_RESTART|SA_SIGINFO
SIGPIPE: [libjvm.so+0x8e1d90], sa_mask[0]=11111111011111111101111111111110, sa_flags=SA_RESTART|SA_SIGINFO
SIGXFSZ: [libjvm.so+0x8e1d90], sa_mask[0]=11111111011111111101111111111110, sa_flags=SA_RESTART|SA_SIGINFO
SIGILL: [libjvm.so+0x8e1d90], sa_mask[0]=11111111011111111101111111111110, sa_flags=SA_RESTART|SA_SIGINFO
SIGUSR1: SIG_DFL, sa_mask[0]=00000000000000000000000000000000, sa_flags=none
SIGUSR2: [libjvm.so+0x8e35c0], sa_mask[0]=00100000000000000000000000000000, sa_flags=SA_RESTART|SA_SIGINFO
SIGHUP: SIG_DFL, sa_mask[0]=00000000000000000000000000000000, sa_flags=none
SIGINT: SIG_DFL, sa_mask[0]=00000000000000000000000000000000, sa_flags=none
SIGTERM: SIG_DFL, sa_mask[0]=00000000000000000000000000000000, sa_flags=none
SIGQUIT: SIG_DFL, sa_mask[0]=00000000000000000000000000000000, sa_flags=none


---------------  S Y S T E M  ---------------

OS:DISTRIB_ID=Ubuntu
DISTRIB_RELEASE=14.04
DISTRIB_CODENAME=trusty
DISTRIB_DESCRIPTION="Ubuntu 14.04.1 LTS"

uname:Linux 3.13.0-37-generic #64-Ubuntu SMP Mon Sep 22 21:28:38 UTC 2014 x86_64
libc:glibc 2.19 NPTL 2.19 
rlimit: STACK 8192k, CORE 0k, NPROC 46201, NOFILE 4096, AS infinity
load average:1.32 0.94 0.84

/proc/meminfo:
MemTotal:        5935380 kB
MemFree:          813268 kB
Buffers:          115228 kB
Cached:          1996280 kB
SwapCached:            0 kB
Active:          3227176 kB
Inactive:         774388 kB
Active(anon):    1891276 kB
Inactive(anon):    19908 kB
Active(file):    1335900 kB
Inactive(file):   754480 kB
Unevictable:         864 kB
Mlocked:             864 kB
SwapTotal:             0 kB
SwapFree:              0 kB
Dirty:               300 kB
Writeback:             0 kB
AnonPages:       1891140 kB
Mapped:           204280 kB
Shmem:             20980 kB
Slab:             478052 kB
SReclaimable:     421228 kB
SUnreclaim:        56824 kB
KernelStack:        7768 kB
PageTables:        39564 kB
NFS_Unstable:          0 kB
Bounce:                0 kB
WritebackTmp:          0 kB
CommitLimit:     2967688 kB
Committed_AS:    8064212 kB
VmallocTotal:   34359738367 kB
VmallocUsed:      175196 kB
VmallocChunk:   34359550112 kB
HardwareCorrupted:     0 kB
AnonHugePages:    888832 kB
HugePages_Total:       0
HugePages_Free:        0
HugePages_Rsvd:        0
HugePages_Surp:        0
Hugepagesize:       2048 kB
DirectMap4k:       63360 kB
DirectMap2M:     2910208 kB
DirectMap1G:     3145728 kB


CPU:total 2 (1 cores per cpu, 1 threads per core) family 6 model 69 stepping 1, cmov, cx8, fxsr, mmx, sse, sse2, sse3, ssse3, sse4.1, sse4.2, popcnt, avx, aes, clmul, erms, tsc, tscinvbit

/proc/cpuinfo:
processor	: 0
vendor_id	: GenuineIntel
cpu family	: 6
model		: 69
model name	: Intel(R) Core(TM) i7-4500U CPU @ 1.80GHz
stepping	: 1
microcode	: 0x17
cpu MHz		: 2394.458
cache size	: 4096 KB
physical id	: 0
siblings	: 1
core id		: 0
cpu cores	: 1
apicid		: 0
initial apicid	: 0
fpu		: yes
fpu_exception	: yes
cpuid level	: 13
wp		: yes
flags		: fpu vme de pse tsc msr pae mce cx8 apic sep mtrr pge mca cmov pat pse36 clflush dts mmx fxsr sse sse2 ss syscall nx pdpe1gb rdtscp lm constant_tsc arch_perfmon pebs bts nopl xtopology tsc_reliable nonstop_tsc aperfmperf eagerfpu pni pclmulqdq ssse3 fma cx16 pcid sse4_1 sse4_2 x2apic movbe popcnt aes xsave avx f16c rdrand hypervisor lahf_lm ida arat epb xsaveopt pln pts dtherm fsgsbase smep
bogomips	: 4788.91
clflush size	: 64
cache_alignment	: 64
address sizes	: 40 bits physical, 48 bits virtual
power management:

processor	: 1
vendor_id	: GenuineIntel
cpu family	: 6
model		: 69
model name	: Intel(R) Core(TM) i7-4500U CPU @ 1.80GHz
stepping	: 1
microcode	: 0x17
cpu MHz		: 2394.458
cache size	: 4096 KB
physical id	: 2
siblings	: 1
core id		: 0
cpu cores	: 1
apicid		: 2
initial apicid	: 2
fpu		: yes
fpu_exception	: yes
cpuid level	: 13
wp		: yes
flags		: fpu vme de pse tsc msr pae mce cx8 apic sep mtrr pge mca cmov pat pse36 clflush dts mmx fxsr sse sse2 ss syscall nx pdpe1gb rdtscp lm constant_tsc arch_perfmon pebs bts nopl xtopology tsc_reliable nonstop_tsc aperfmperf eagerfpu pni pclmulqdq ssse3 fma cx16 pcid sse4_1 sse4_2 x2apic movbe popcnt aes xsave avx f16c rdrand hypervisor lahf_lm ida arat epb xsaveopt pln pts dtherm fsgsbase smep
bogomips	: 4788.91
clflush size	: 64
cache_alignment	: 64
address sizes	: 40 bits physical, 48 bits virtual
power management:



Memory: 4k page, physical 5935380k(813268k free), swap 0k(0k free)

vm_info: Java HotSpot(TM) 64-Bit Server VM (25.20-b23) for linux-amd64 JRE (1.8.0_20-b26), built on Jul 30 2014 13:13:52 by "java_re" with gcc 4.3.0 20080428 (Red Hat 4.3.0-8)

time: Sun Oct 12 11:08:04 2014
elapsed time: 0 seconds (0d 0h 0m 0s)

